{"/Users/y910242/macys/grunt-minify-each/test/minify_each_spec.js":{"path":"/Users/y910242/macys/grunt-minify-each/test/minify_each_spec.js","s":{"1":1,"2":1,"3":1,"4":1,"5":1,"6":2,"7":0,"8":0,"9":1,"10":1,"11":1,"12":1,"13":1,"14":1,"15":1,"16":1,"17":1,"18":1,"19":1,"20":1,"21":1,"22":1,"23":1,"24":1,"25":1,"26":1,"27":1,"28":1,"29":1,"30":1},"b":{},"f":{"1":1,"2":2,"3":0,"4":0,"5":1,"6":1,"7":1,"8":1},"fnMap":{"1":{"name":"(anonymous_1)","line":4,"loc":{"start":{"line":4,"column":29},"end":{"line":4,"column":40}}},"2":{"name":"(anonymous_2)","line":10,"loc":{"start":{"line":10,"column":23},"end":{"line":10,"column":38}}},"3":{"name":"(anonymous_3)","line":22,"loc":{"start":{"line":22,"column":21},"end":{"line":22,"column":36}}},"4":{"name":"(anonymous_4)","line":25,"loc":{"start":{"line":25,"column":19},"end":{"line":25,"column":30}}},"5":{"name":"(anonymous_5)","line":31,"loc":{"start":{"line":31,"column":37},"end":{"line":31,"column":48}}},"6":{"name":"(anonymous_6)","line":38,"loc":{"start":{"line":38,"column":38},"end":{"line":38,"column":49}}},"7":{"name":"(anonymous_7)","line":47,"loc":{"start":{"line":47,"column":36},"end":{"line":47,"column":47}}},"8":{"name":"(anonymous_8)","line":58,"loc":{"start":{"line":58,"column":26},"end":{"line":58,"column":37}}}},"statementMap":{"1":{"start":{"line":1,"column":0},"end":{"line":2,"column":21}},"2":{"start":{"line":4,"column":0},"end":{"line":70,"column":3}},"3":{"start":{"line":6,"column":4},"end":{"line":6,"column":56}},"4":{"start":{"line":8,"column":4},"end":{"line":8,"column":49}},"5":{"start":{"line":10,"column":4},"end":{"line":29,"column":6}},"6":{"start":{"line":11,"column":8},"end":{"line":28,"column":10}},"7":{"start":{"line":23,"column":16},"end":{"line":23,"column":59}},"8":{"start":{"line":26,"column":16},"end":{"line":26,"column":28}},"9":{"start":{"line":31,"column":4},"end":{"line":36,"column":7}},"10":{"start":{"line":33,"column":8},"end":{"line":33,"column":45}},"11":{"start":{"line":34,"column":8},"end":{"line":34,"column":49}},"12":{"start":{"line":38,"column":4},"end":{"line":45,"column":7}},"13":{"start":{"line":40,"column":8},"end":{"line":40,"column":22}},"14":{"start":{"line":43,"column":8},"end":{"line":43,"column":78}},"15":{"start":{"line":44,"column":8},"end":{"line":44,"column":98}},"16":{"start":{"line":47,"column":4},"end":{"line":56,"column":7}},"17":{"start":{"line":48,"column":8},"end":{"line":48,"column":38}},"18":{"start":{"line":50,"column":8},"end":{"line":50,"column":30}},"19":{"start":{"line":51,"column":8},"end":{"line":51,"column":54}},"20":{"start":{"line":52,"column":8},"end":{"line":52,"column":30}},"21":{"start":{"line":54,"column":8},"end":{"line":54,"column":45}},"22":{"start":{"line":55,"column":8},"end":{"line":55,"column":60}},"23":{"start":{"line":58,"column":4},"end":{"line":69,"column":7}},"24":{"start":{"line":59,"column":8},"end":{"line":59,"column":30}},"25":{"start":{"line":61,"column":8},"end":{"line":61,"column":30}},"26":{"start":{"line":62,"column":8},"end":{"line":62,"column":32}},"27":{"start":{"line":63,"column":8},"end":{"line":63,"column":54}},"28":{"start":{"line":65,"column":8},"end":{"line":65,"column":53}},"29":{"start":{"line":66,"column":8},"end":{"line":66,"column":28}},"30":{"start":{"line":67,"column":8},"end":{"line":67,"column":53}}},"branchMap":{}}}