{"/Users/y910242/workspace/grunt-minify-each/test/minify_each_spec.js":{"path":"/Users/y910242/workspace/grunt-minify-each/test/minify_each_spec.js","s":{"1":1,"2":1,"3":1,"4":1,"5":1,"6":2,"7":2,"8":2,"9":0,"10":0,"11":2,"12":1,"13":1,"14":1,"15":1,"16":1,"17":1,"18":1,"19":1,"20":1,"21":1,"22":1,"23":1,"24":1,"25":1,"26":1,"27":1,"28":1,"29":1,"30":1,"31":1,"32":1,"33":1},"b":{},"f":{"1":1,"2":2,"3":0,"4":0,"5":1,"6":1,"7":1,"8":1},"fnMap":{"1":{"name":"(anonymous_1)","line":4,"loc":{"start":{"line":4,"column":30},"end":{"line":4,"column":42}}},"2":{"name":"(anonymous_2)","line":10,"loc":{"start":{"line":10,"column":23},"end":{"line":10,"column":41}}},"3":{"name":"(anonymous_3)","line":24,"loc":{"start":{"line":24,"column":21},"end":{"line":24,"column":39}}},"4":{"name":"(anonymous_4)","line":27,"loc":{"start":{"line":27,"column":19},"end":{"line":27,"column":31}}},"5":{"name":"(anonymous_5)","line":34,"loc":{"start":{"line":34,"column":38},"end":{"line":34,"column":50}}},"6":{"name":"(anonymous_6)","line":41,"loc":{"start":{"line":41,"column":39},"end":{"line":41,"column":51}}},"7":{"name":"(anonymous_7)","line":50,"loc":{"start":{"line":50,"column":37},"end":{"line":50,"column":49}}},"8":{"name":"(anonymous_8)","line":61,"loc":{"start":{"line":61,"column":27},"end":{"line":61,"column":39}}}},"statementMap":{"1":{"start":{"line":1,"column":0},"end":{"line":2,"column":21}},"2":{"start":{"line":4,"column":0},"end":{"line":73,"column":4}},"3":{"start":{"line":6,"column":4},"end":{"line":6,"column":58}},"4":{"start":{"line":8,"column":4},"end":{"line":8,"column":51}},"5":{"start":{"line":10,"column":4},"end":{"line":32,"column":6}},"6":{"start":{"line":11,"column":8},"end":{"line":11,"column":27}},"7":{"start":{"line":13,"column":8},"end":{"line":18,"column":10}},"8":{"start":{"line":19,"column":8},"end":{"line":30,"column":10}},"9":{"start":{"line":25,"column":16},"end":{"line":25,"column":55}},"10":{"start":{"line":28,"column":16},"end":{"line":28,"column":28}},"11":{"start":{"line":31,"column":8},"end":{"line":31,"column":17}},"12":{"start":{"line":34,"column":4},"end":{"line":39,"column":8}},"13":{"start":{"line":36,"column":8},"end":{"line":36,"column":49}},"14":{"start":{"line":37,"column":8},"end":{"line":37,"column":53}},"15":{"start":{"line":41,"column":4},"end":{"line":48,"column":8}},"16":{"start":{"line":43,"column":8},"end":{"line":43,"column":24}},"17":{"start":{"line":46,"column":8},"end":{"line":46,"column":84}},"18":{"start":{"line":47,"column":8},"end":{"line":47,"column":104}},"19":{"start":{"line":50,"column":4},"end":{"line":59,"column":8}},"20":{"start":{"line":51,"column":8},"end":{"line":51,"column":38}},"21":{"start":{"line":53,"column":8},"end":{"line":53,"column":30}},"22":{"start":{"line":54,"column":8},"end":{"line":54,"column":56}},"23":{"start":{"line":55,"column":8},"end":{"line":55,"column":30}},"24":{"start":{"line":57,"column":8},"end":{"line":57,"column":49}},"25":{"start":{"line":58,"column":8},"end":{"line":58,"column":64}},"26":{"start":{"line":61,"column":4},"end":{"line":72,"column":8}},"27":{"start":{"line":62,"column":8},"end":{"line":62,"column":30}},"28":{"start":{"line":64,"column":8},"end":{"line":64,"column":30}},"29":{"start":{"line":65,"column":8},"end":{"line":65,"column":36}},"30":{"start":{"line":66,"column":8},"end":{"line":66,"column":56}},"31":{"start":{"line":68,"column":8},"end":{"line":68,"column":55}},"32":{"start":{"line":69,"column":8},"end":{"line":69,"column":28}},"33":{"start":{"line":70,"column":8},"end":{"line":70,"column":55}}},"branchMap":{}}}