TN:
SF:test/minify_each_spec.js
FN:5,(anonymous_1)
FN:11,(anonymous_2)
FN:24,(anonymous_3)
FN:27,(anonymous_4)
FN:34,(anonymous_5)
FN:47,(anonymous_6)
FN:50,(anonymous_7)
FN:56,(anonymous_8)
FN:63,(anonymous_9)
FN:72,(anonymous_10)
FN:83,(anonymous_11)
FN:93,(anonymous_12)
FN:101,(anonymous_13)
FN:111,(anonymous_14)
FNF:14
FNH:12
FNDA:1,(anonymous_1)
FNDA:2,(anonymous_2)
FNDA:2,(anonymous_3)
FNDA:0,(anonymous_4)
FNDA:1,(anonymous_5)
FNDA:1,(anonymous_6)
FNDA:0,(anonymous_7)
FNDA:1,(anonymous_8)
FNDA:1,(anonymous_9)
FNDA:1,(anonymous_10)
FNDA:1,(anonymous_11)
FNDA:1,(anonymous_12)
FNDA:1,(anonymous_13)
FNDA:1,(anonymous_14)
DA:1,1
DA:5,1
DA:7,1
DA:9,1
DA:11,1
DA:12,2
DA:14,2
DA:20,2
DA:25,2
DA:28,0
DA:31,2
DA:34,1
DA:35,1
DA:37,1
DA:43,1
DA:48,1
DA:51,0
DA:54,1
DA:56,1
DA:58,1
DA:59,1
DA:63,1
DA:65,1
DA:68,1
DA:69,1
DA:72,1
DA:73,1
DA:75,1
DA:76,1
DA:77,1
DA:79,1
DA:80,1
DA:83,1
DA:84,1
DA:86,1
DA:87,1
DA:88,1
DA:90,1
DA:91,1
DA:92,1
DA:93,1
DA:94,1
DA:95,1
DA:96,1
DA:97,1
DA:101,1
DA:102,1
DA:104,1
DA:105,1
DA:106,1
DA:108,1
DA:109,1
DA:110,1
DA:111,1
DA:112,1
DA:113,1
DA:114,1
DA:115,1
LF:58
LH:56
BRF:0
BRH:0
end_of_record
